[    0.000000] Initializing cgroup subsys cpuset
[    0.000000] Initializing cgroup subsys cpu
[    0.000000] Initializing cgroup subsys cpuacct
[    0.000000] Linux version 4.4.0-146-generic (buildd@lcy01-amd64-025) (gcc version 5.4.0 20160609 (Ubuntu 5.4.0-6ubuntu1~16.04.10) ) #172-Ubuntu SMP Wed Apr 3 09:00:08 UTC 2019 (Ubuntu 4.4.0-146.172-generic 4.4.177)
[    0.000000] Command line: BOOT_IMAGE=/boot/vmlinuz-4.4.0-146-generic root=LABEL=cloudimg-rootfs ro console=tty1 console=ttyS0
[    0.000000] KERNEL supported cpus:
[    0.000000]   Intel GenuineIntel
[    0.000000]   AMD AuthenticAMD
[    0.000000]   Centaur CentaurHauls
[    0.000000] x86/fpu: xstate_offset[2]:  576, xstate_sizes[2]:  256
[    0.000000] x86/fpu: Supporting XSAVE feature 0x01: 'x87 floating point registers'
[    0.000000] x86/fpu: Supporting XSAVE feature 0x02: 'SSE registers'
[    0.000000] x86/fpu: Supporting XSAVE feature 0x04: 'AVX registers'
[    0.000000] x86/fpu: Enabled xstate features 0x7, context size is 832 bytes, using 'standard' format.
[    0.000000] e820: BIOS-provided physical RAM map:
[    0.000000] BIOS-e820: [mem 0x0000000000000000-0x000000000009fbff] usable
[    0.000000] BIOS-e820: [mem 0x000000000009fc00-0x000000000009ffff] reserved
[    0.000000] BIOS-e820: [mem 0x00000000000f0000-0x00000000000fffff] reserved
[    0.000000] BIOS-e820: [mem 0x0000000000100000-0x000000003ffeffff] usable
[    0.000000] BIOS-e820: [mem 0x000000003fff0000-0x000000003fffffff] ACPI data
[    0.000000] BIOS-e820: [mem 0x00000000fec00000-0x00000000fec00fff] reserved
[    0.000000] BIOS-e820: [mem 0x00000000fee00000-0x00000000fee00fff] reserved
[    0.000000] BIOS-e820: [mem 0x00000000fffc0000-0x00000000ffffffff] reserved
[    0.000000] NX (Execute Disable) protection: active
[    0.000000] SMBIOS 2.5 present.
[    0.000000] Hypervisor detected: KVM
[    0.000000] e820: last_pfn = 0x3fff0 max_arch_pfn = 0x400000000
[    0.000000] MTRR: Disabled
[    0.000000] x86/PAT: MTRRs disabled, skipping PAT initialization too.
[    0.000000] CPU MTRRs all blank - virtualized system.
[    0.000000] x86/PAT: Configuration [0-7]: WB  WT  UC- UC  WB  WT  UC- UC  
[    0.000000] found SMP MP-table at [mem 0x0009fff0-0x0009ffff] mapped at [ffff88000009fff0]
[    0.000000] Scanning 1 areas for low memory corruption
[    0.000000] RAMDISK: [mem 0x362fc000-0x37175fff]
[    0.000000] ACPI: Early table checksum verification disabled
[    0.000000] ACPI: RSDP 0x00000000000E0000 000024 (v02 VBOX  )
[    0.000000] ACPI: XSDT 0x000000003FFF0030 00003C (v01 VBOX   VBOXXSDT 00000001 ASL  00000061)
[    0.000000] ACPI: FACP 0x000000003FFF00F0 0000F4 (v04 VBOX   VBOXFACP 00000001 ASL  00000061)
[    0.000000] ACPI: DSDT 0x000000003FFF0470 0022EA (v02 VBOX   VBOXBIOS 00000002 INTL 20160831)
[    0.000000] ACPI: FACS 0x000000003FFF0200 000040
[    0.000000] ACPI: FACS 0x000000003FFF0200 000040
[    0.000000] ACPI: APIC 0x000000003FFF0240 00005C (v02 VBOX   VBOXAPIC 00000001 ASL  00000061)
[    0.000000] ACPI: SSDT 0x000000003FFF02A0 0001CC (v01 VBOX   VBOXCPUT 00000002 INTL 20160831)
[    0.000000] No NUMA configuration found
[    0.000000] Faking a node at [mem 0x0000000000000000-0x000000003ffeffff]
[    0.000000] NODE_DATA(0) allocated [mem 0x3ffeb000-0x3ffeffff]
[    0.000000] kvm-clock: Using msrs 4b564d01 and 4b564d00
[    0.000000] kvm-clock: cpu 0, msr 0:3ffe3001, primary cpu clock
[    0.000000] kvm-clock: using sched offset of 3737468298 cycles
[    0.000000] clocksource: kvm-clock: mask: 0xffffffffffffffff max_cycles: 0x1cd42e4dffb, max_idle_ns: 881590591483 ns
[    0.000000] Zone ranges:
[    0.000000]   DMA      [mem 0x0000000000001000-0x0000000000ffffff]
[    0.000000]   DMA32    [mem 0x0000000001000000-0x000000003ffeffff]
[    0.000000]   Normal   empty
[    0.000000]   Device   empty
[    0.000000] Movable zone start for each node
[    0.000000] Early memory node ranges
[    0.000000]   node   0: [mem 0x0000000000001000-0x000000000009efff]
[    0.000000]   node   0: [mem 0x0000000000100000-0x000000003ffeffff]
[    0.000000] Initmem setup node 0 [mem 0x0000000000001000-0x000000003ffeffff]
[    0.000000] ACPI: PM-Timer IO Port: 0x4008
[    0.000000] IOAPIC[0]: apic_id 2, version 32, address 0xfec00000, GSI 0-23
[    0.000000] ACPI: INT_SRC_OVR (bus 0 bus_irq 0 global_irq 2 dfl dfl)
[    0.000000] ACPI: INT_SRC_OVR (bus 0 bus_irq 9 global_irq 9 low level)
[    0.000000] Using ACPI (MADT) for SMP configuration information
[    0.000000] smpboot: Allowing 2 CPUs, 0 hotplug CPUs
[    0.000000] PM: Registered nosave memory: [mem 0x00000000-0x00000fff]
[    0.000000] PM: Registered nosave memory: [mem 0x0009f000-0x0009ffff]
[    0.000000] PM: Registered nosave memory: [mem 0x000a0000-0x000effff]
[    0.000000] PM: Registered nosave memory: [mem 0x000f0000-0x000fffff]
[    0.000000] e820: [mem 0x40000000-0xfebfffff] available for PCI devices
[    0.000000] Booting paravirtualized kernel on KVM
[    0.000000] clocksource: refined-jiffies: mask: 0xffffffff max_cycles: 0xffffffff, max_idle_ns: 7645519600211568 ns
[    0.000000] setup_percpu: NR_CPUS:512 nr_cpumask_bits:512 nr_cpu_ids:2 nr_node_ids:1
[    0.000000] PERCPU: Embedded 34 pages/cpu @ffff88003fc00000 s99480 r8192 d31592 u1048576
[    0.000000] Built 1 zonelists in Node order, mobility grouping on.  Total pages: 257912
[    0.000000] Policy zone: DMA32
[    0.000000] Kernel command line: BOOT_IMAGE=/boot/vmlinuz-4.4.0-146-generic root=LABEL=cloudimg-rootfs ro console=tty1 console=ttyS0
[    0.000000] PID hash table entries: 4096 (order: 3, 32768 bytes)
[    0.000000] Memory: 997736K/1048120K available (8609K kernel code, 1334K rwdata, 4028K rodata, 1484K init, 1284K bss, 50384K reserved, 0K cma-reserved)
[    0.000000] SLUB: HWalign=64, Order=0-3, MinObjects=0, CPUs=2, Nodes=1
[    0.000000] Kernel/User page tables isolation: enabled
[    0.000000] Hierarchical RCU implementation.
[    0.000000] 	Build-time adjustment of leaf fanout to 64.
[    0.000000] 	RCU restricting CPUs from NR_CPUS=512 to nr_cpu_ids=2.
[    0.000000] RCU: Adjusting geometry for rcu_fanout_leaf=64, nr_cpu_ids=2
[    0.000000] NR_IRQS:33024 nr_irqs:440 16
[    0.000000] Console: colour VGA+ 80x25
[    0.000000] console [tty1] enabled
[    0.000000] console [ttyS0] enabled
[    0.000000] tsc: Detected 1800.002 MHz processor
[    0.120771] Calibrating delay loop (skipped) preset value.. 3600.00 BogoMIPS (lpj=7200008)
[    0.122235] pid_max: default: 32768 minimum: 301
[    0.123049] ACPI: Core revision 20150930
[    0.124649] ACPI: 2 ACPI AML tables successfully acquired and loaded
[    0.125816] Security Framework initialized
[    0.126488] Yama: becoming mindful.
[    0.127098] AppArmor: AppArmor initialized
[    0.127853] Dentry cache hash table entries: 131072 (order: 8, 1048576 bytes)
[    0.129433] Inode-cache hash table entries: 65536 (order: 7, 524288 bytes)
[    0.130470] Mount-cache hash table entries: 2048 (order: 2, 16384 bytes)
[    0.131416] Mountpoint-cache hash table entries: 2048 (order: 2, 16384 bytes)
[    0.132574] Initializing cgroup subsys io
[    0.133235] Initializing cgroup subsys memory
[    0.133937] Initializing cgroup subsys devices
[    0.134737] Initializing cgroup subsys freezer
[    0.135711] Initializing cgroup subsys net_cls
[    0.136474] Initializing cgroup subsys perf_event
[    0.137216] Initializing cgroup subsys net_prio
[    0.137937] Initializing cgroup subsys hugetlb
[    0.138834] Initializing cgroup subsys pids
[    0.140737] mce: CPU supports 0 MCE banks
[    0.141412] Last level iTLB entries: 4KB 64, 2MB 8, 4MB 8
[    0.142218] Last level dTLB entries: 4KB 64, 2MB 0, 4MB 0, 1GB 4
[    0.143184] Spectre V2 : Mitigation: Full generic retpoline
[    0.144033] Spectre V2 : Spectre v2 / SpectreRSB mitigation: Filling RSB on context switch
[    0.145321] Speculative Store Bypass: Vulnerable
[    0.148638] Freeing SMP alternatives memory: 36K
[    0.155756] ftrace: allocating 32287 entries in 127 pages
[    0.216134] smpboot: APIC(0) Converting physical 0 to logical package 0
[    0.217217] smpboot: Max logical packages: 1
[    0.218153] x2apic enabled
[    0.218929] Switched APIC routing to physical x2apic.
[    0.221511] ..TIMER: vector=0x30 apic1=0 pin1=2 apic2=-1 pin2=-1
[    0.328178] smpboot: CPU0: Intel(R) Core(TM) i5-8250U CPU @ 1.60GHz (family: 0x6, model: 0x8e, stepping: 0xa)
[    0.329948] Performance Events: unsupported p6 CPU model 142 no PMU driver, software events only.
[    0.341783] KVM setup paravirtual spinlock
[    0.343137] x86: Booting SMP configuration:
[    0.343820] .... node  #0, CPUs:      #1
[    0.344592] kvm-clock: cpu 1, msr 0:3ffe3041, secondary cpu clock
[    0.346352] mce: CPU supports 0 MCE banks
[    0.348752] x86: Booted up 1 node, 2 CPUs
[    0.349594] smpboot: Total of 2 processors activated (7200.00 BogoMIPS)
[    0.351059] devtmpfs: initialized
[    0.353328] evm: security.selinux
[    0.354196] evm: security.SMACK64
[    0.354874] evm: security.SMACK64EXEC
[    0.355553] evm: security.SMACK64TRANSMUTE
[    0.356527] evm: security.SMACK64MMAP
[    0.357388] evm: security.ima
[    0.357957] evm: security.capability
[    0.358910] clocksource: jiffies: mask: 0xffffffff max_cycles: 0xffffffff, max_idle_ns: 7645041785100000 ns
[    0.360439] futex hash table entries: 512 (order: 3, 32768 bytes)
[    0.361531] pinctrl core: initialized pinctrl subsystem
[    0.362434] RTC time: 12:29:34, date: 04/27/19
[    0.363352] NET: Registered protocol family 16
[    0.373117] cpuidle: using governor ladder
[    0.385435] cpuidle: using governor menu
[    0.387035] PCCT header not found.
[    0.388376] ACPI: bus type PCI registered
[    0.389316] acpiphp: ACPI Hot Plug PCI Controller Driver version: 0.5
[    0.391050] PCI: Using configuration type 1 for base access
[    0.406357] ACPI: Added _OSI(Module Device)
[    0.407320] ACPI: Added _OSI(Processor Device)
[    0.408239] ACPI: Added _OSI(3.0 _SCP Extensions)
[    0.409180] ACPI: Added _OSI(Processor Aggregator Device)
[    0.411017] ACPI: Executed 1 blocks of module-level executable AML code
[    0.414586] ACPI: Interpreter enabled
[    0.415395] ACPI: (supports S0 S5)
[    0.416191] ACPI: Using IOAPIC for interrupt routing
[    0.417342] PCI: Using host bridge windows from ACPI; if necessary, use "pci=nocrs" and report a bug
[    0.425297] ACPI: PCI Root Bridge [PCI0] (domain 0000 [bus 00-ff])
[    0.426583] acpi PNP0A03:00: _OSC: OS supports [ASPM ClockPM Segments MSI]
[    0.428226] acpi PNP0A03:00: _OSC: not requesting OS control; OS requires [ExtendedConfig ASPM ClockPM MSI]
[    0.430120] acpi PNP0A03:00: fail to add MMCONFIG information, can't access extended PCI configuration space under this bridge.
[    0.432259] PCI host bridge to bus 0000:00
[    0.432996] pci_bus 0000:00: root bus resource [io  0x0000-0x0cf7 window]
[    0.434090] pci_bus 0000:00: root bus resource [io  0x0d00-0xffff window]
[    0.435526] pci_bus 0000:00: root bus resource [mem 0x000a0000-0x000bffff window]
[    0.436812] pci_bus 0000:00: root bus resource [mem 0x40000000-0xfdffffff window]
[    0.438202] pci_bus 0000:00: root bus resource [bus 00-ff]
[    0.440664] pci 0000:00:01.1: legacy IDE quirk: reg 0x10: [io  0x01f0-0x01f7]
[    0.441881] pci 0000:00:01.1: legacy IDE quirk: reg 0x14: [io  0x03f6]
[    0.442986] pci 0000:00:01.1: legacy IDE quirk: reg 0x18: [io  0x0170-0x0177]
[    0.444165] pci 0000:00:01.1: legacy IDE quirk: reg 0x1c: [io  0x0376]
[    0.464587] pci 0000:00:07.0: quirk: [io  0x4000-0x403f] claimed by PIIX4 ACPI
[    0.465957] pci 0000:00:07.0: quirk: [io  0x4100-0x410f] claimed by PIIX4 SMB
[    0.484306] ACPI: PCI Interrupt Link [LNKA] (IRQs 5 9 10 *11)
[    0.485999] ACPI: PCI Interrupt Link [LNKB] (IRQs 5 9 *10 11)
[    0.487441] ACPI: PCI Interrupt Link [LNKC] (IRQs 5 *9 10 11)
[    0.489059] ACPI: PCI Interrupt Link [LNKD] (IRQs 5 9 10 *11)
[    0.490867] ACPI: Enabled 2 GPEs in block 00 to 07
[    0.492055] vgaarb: setting as boot device: PCI:0000:00:02.0
[    0.492922] vgaarb: device added: PCI:0000:00:02.0,decodes=io+mem,owns=io+mem,locks=none
[    0.494253] vgaarb: loaded
[    0.494803] vgaarb: bridge control possible 0000:00:02.0
[    0.495835] SCSI subsystem initialized
[    0.496693] ACPI: bus type USB registered
[    0.497402] usbcore: registered new interface driver usbfs
[    0.498263] usbcore: registered new interface driver hub
[    0.499121] usbcore: registered new device driver usb
[    0.500268] PCI: Using ACPI for IRQ routing
[    0.502066] NetLabel: Initializing
[    0.503195] NetLabel:  domain hash size = 128
[    0.503949] NetLabel:  protocols = UNLABELED CIPSOv4
[    0.505142] NetLabel:  unlabeled traffic allowed by default
[    0.506266] amd_nb: Cannot enumerate AMD northbridges
[    0.507272] clocksource: Switched to clocksource kvm-clock
[    0.513665] AppArmor: AppArmor Filesystem Enabled
[    0.514522] pnp: PnP ACPI init
[    0.515757] pnp: PnP ACPI: found 3 devices
[    0.525251] clocksource: acpi_pm: mask: 0xffffff max_cycles: 0xffffff, max_idle_ns: 2085701024 ns
[    0.526843] NET: Registered protocol family 2
[    0.527770] TCP established hash table entries: 8192 (order: 4, 65536 bytes)
[    0.528802] TCP bind hash table entries: 8192 (order: 5, 131072 bytes)
[    0.529772] TCP: Hash tables configured (established 8192 bind 8192)
[    0.530741] UDP hash table entries: 512 (order: 2, 16384 bytes)
[    0.531674] UDP-Lite hash table entries: 512 (order: 2, 16384 bytes)
[    0.532669] NET: Registered protocol family 1
[    0.533409] pci 0000:00:00.0: Limiting direct PCI/PCI transfers
[    0.534408] pci 0000:00:01.0: Activating ISA DMA hang workarounds
[    0.536078] Unpacking initramfs...
[    0.746883] Freeing initrd memory: 14824K
[    0.747868] platform rtc_cmos: registered platform RTC device (no PNP device found)
[    0.749183] Scanning for low memory corruption every 60 seconds
[    0.750588] audit: initializing netlink subsys (disabled)
[    0.751458] audit: type=2000 audit(1556368179.482:1): initialized
[    0.753383] Initialise system trusted keyring
[    0.754767] HugeTLB registered 2 MB page size, pre-allocated 0 pages
[    0.757248] zbud: loaded
[    0.758225] VFS: Disk quotas dquot_6.6.0
[    0.758946] VFS: Dquot-cache hash table entries: 512 (order 0, 4096 bytes)
[    0.760215] squashfs: version 4.0 (2009/01/31) Phillip Lougher
[    0.761378] fuse init (API version 7.23)
[    0.762153] Key type big_key registered
[    0.762847] Allocating IMA MOK and blacklist keyrings.
[    0.764509] Key type asymmetric registered
[    0.765210] Asymmetric key parser 'x509' registered
[    0.766024] Block layer SCSI generic (bsg) driver version 0.4 loaded (major 249)
[    0.768321] io scheduler noop registered
[    0.769101] io scheduler deadline registered (default)
[    0.769969] io scheduler cfq registered
[    0.770740] pci_hotplug: PCI Hot Plug PCI Core version: 0.5
[    0.771661] pciehp: PCI Express Hot Plug Controller Driver version: 0.4
[    0.772985] ACPI: AC Adapter [AC] (off-line)
[    0.773752] input: Power Button as /devices/LNXSYSTM:00/LNXPWRBN:00/input/input0
[    0.775009] ACPI: Power Button [PWRF]
[    0.775739] input: Sleep Button as /devices/LNXSYSTM:00/LNXSLPBN:00/input/input1
[    0.776981] ACPI: Sleep Button [SLPF]
[    0.778278] ACPI: Battery Slot [BAT0] (battery present)
[    0.779116] GHES: HEST is not enabled!
[    0.779876] Serial: 8250/16550 driver, 32 ports, IRQ sharing enabled
[    0.801538] 00:02: ttyS0 at I/O 0x3f8 (irq = 4, base_baud = 115200) is a 16550A
[    0.805467] Linux agpgart interface v0.103
[    0.808252] loop: module loaded
[    0.809714] scsi host0: ata_piix
[    0.810665] scsi host1: ata_piix
[    0.811503] ata1: PATA max UDMA/33 cmd 0x1f0 ctl 0x3f6 bmdma 0xd000 irq 14
[    0.812700] ata2: PATA max UDMA/33 cmd 0x170 ctl 0x376 bmdma 0xd008 irq 15
[    0.813800] libphy: Fixed MDIO Bus: probed
[    0.814554] tun: Universal TUN/TAP device driver, 1.6
[    0.815360] tun: (C) 1999-2004 Max Krasnyansky <maxk@qualcomm.com>
[    0.816429] PPP generic driver version 2.4.2
[    0.817245] ehci_hcd: USB 2.0 'Enhanced' Host Controller (EHCI) Driver
[    0.818287] ehci-pci: EHCI PCI platform driver
[    0.820207] ehci-platform: EHCI generic platform driver
[    0.822807] ohci_hcd: USB 1.1 'Open' Host Controller (OHCI) Driver
[    0.824386] ohci-pci: OHCI PCI platform driver
[    0.826009] ohci-platform: OHCI generic platform driver
[    0.827109] uhci_hcd: USB Universal Host Controller Interface driver
[    0.828449] i8042: PNP: PS/2 Controller [PNP0303:PS2K,PNP0f03:PS2M] at 0x60,0x64 irq 1,12
[    0.830607] serio: i8042 KBD port at 0x60,0x64 irq 1
[    0.831596] serio: i8042 AUX port at 0x60,0x64 irq 12
[    0.832794] mousedev: PS/2 mouse device common for all mice
[    0.834397] input: AT Translated Set 2 keyboard as /devices/platform/i8042/serio0/input/input2
[    0.837517] rtc_cmos rtc_cmos: rtc core: registered rtc_cmos as rtc0
[    0.838970] rtc_cmos rtc_cmos: alarms up to one day, 114 bytes nvram
[    0.840355] i2c /dev entries driver
[    0.841231] device-mapper: uevent: version 1.0.3
[    0.842214] device-mapper: ioctl: 4.34.0-ioctl (2015-10-28) initialised: dm-devel@redhat.com
[    0.843845] ledtrig-cpu: registered to indicate activity on CPUs
[    0.845318] NET: Registered protocol family 10
[    0.846357] NET: Registered protocol family 17
[    0.847304] Key type dns_resolver registered
[    0.848743] registered taskstats version 1
[    0.849660] Loading compiled-in X.509 certificates
[    0.851443] Loaded X.509 cert 'Build time autogenerated kernel key: 4dcb2dc2c7cf43e0c20c44384f68683c20294489'
[    0.853641] zswap: loaded using pool lzo/zbud
[    0.859359] Key type trusted registered
[    0.863635] Key type encrypted registered
[    0.864532] AppArmor: AppArmor sha1 policy hashing enabled
[    0.865574] ima: No TPM chip found, activating TPM-bypass!
[    0.866635] ima: Allocated hash algorithm: sha1
[    0.869402] evm: HMAC attrs: 0x1
[    0.871413]   Magic number: 15:215:482
[    0.872491] ata_device dev1.1: hash matches
[    0.873400]  dev1.1: hash matches
[    0.874292] rtc_cmos rtc_cmos: setting system clock to 2019-04-27 12:29:34 UTC (1556368174)
[    0.876138] BIOS EDD facility v0.16 2004-Jun-25, 0 devices found
[    0.877265] EDD information not available.
[    0.969997] Freeing unused kernel memory: 1484K
[    0.971427] Write protecting the kernel read-only data: 14336k
[    0.973781] Freeing unused kernel memory: 1620K
[    0.975419] Freeing unused kernel memory: 68K
Loading, please wait...
starting version 229
[    0.999470] random: systemd-udevd: uninitialized urandom read (16 bytes read, 1 bits of entropy available)
[    1.000486] random: udevadm: uninitialized urandom read (16 bytes read, 1 bits of entropy available)
[    1.000520] random: udevadm: uninitialized urandom read (16 bytes read, 1 bits of entropy available)
[    1.007457] random: systemd-udevd: uninitialized urandom read (16 bytes read, 1 bits of entropy available)
[    1.010302] random: systemd-udevd: uninitialized urandom read (16 bytes read, 1 bits of entropy available)
[    1.012254] random: systemd-udevd: uninitialized urandom read (16 bytes read, 1 bits of entropy available)
[    1.013319] random: udevadm: uninitialized urandom read (16 bytes read, 1 bits of entropy available)
[    1.013363] random: udevadm: uninitialized urandom read (16 bytes read, 1 bits of entropy available)
[    1.013511] random: udevadm: uninitialized urandom read (16 bytes read, 1 bits of entropy available)
[    1.013560] random: udevadm: uninitialized urandom read (16 bytes read, 1 bits of entropy available)
[    1.058685] e1000: Intel(R) PRO/1000 Network Driver - version 7.3.21-k8-NAPI
[    1.059953] e1000: Copyright (c) 1999-2006 Intel Corporation.
[    1.066156] Fusion MPT base driver 3.04.20
[    1.066898] Copyright (c) 1999-2008 LSI Corporation
[    1.085888] AVX2 version of gcm_enc/dec engaged.
[    1.087810] AES CTR mode by8 optimization enabled
[    1.090710] Fusion MPT SPI Host driver 3.04.20
[    1.276504] input: ImExPS/2 Generic Explorer Mouse as /devices/platform/i8042/serio1/input/input4
[    1.440639] e1000 0000:00:03.0 eth0: (PCI:33MHz:32-bit) 02:26:7f:6e:ca:81
[    1.442023] e1000 0000:00:03.0 eth0: Intel(R) PRO/1000 Network Connection
[    1.747491] tsc: Refined TSC clocksource calibration: 1800.246 MHz
[    1.748499] clocksource: tsc: mask: 0xffffffffffffffff max_cycles: 0x19f311eb553, max_idle_ns: 440795223192 ns
[    1.802406] e1000 0000:00:08.0 eth1: (PCI:33MHz:32-bit) 08:00:27:69:23:6b
[    1.804002] e1000 0000:00:08.0 eth1: Intel(R) PRO/1000 Network Connection
[    1.806553] mptbase: ioc0: Initiating bringup
[    1.808321] e1000 0000:00:03.0 enp0s3: renamed from eth0
[    1.821199] e1000 0000:00:08.0 enp0s8: renamed from eth1
[    1.880381] ioc0: LSI53C1030 A0: Capabilities={Initiator}
[    2.304782] scsi host2: ioc0: LSI53C1030 A0, FwRev=00000000h, Ports=1, MaxQ=256, IRQ=20
[    2.451115] scsi 2:0:0:0: Direct-Access     VBOX     HARDDISK         1.0  PQ: 0 ANSI: 5
[    2.457790] scsi target2:0:0: Beginning Domain Validation
[    2.469543] scsi target2:0:0: Domain Validation skipping write tests
[    2.474112] scsi target2:0:0: Ending Domain Validation
[    2.478518] scsi target2:0:0: asynchronous
[    2.484470] scsi 2:0:1:0: Direct-Access     VBOX     HARDDISK         1.0  PQ: 0 ANSI: 5
[    2.492026] scsi target2:0:1: Beginning Domain Validation
[    2.515511] scsi target2:0:1: Domain Validation skipping write tests
[    2.516690] scsi target2:0:1: Ending Domain Validation
[    2.517734] scsi target2:0:1: asynchronous
[    2.526218] sd 2:0:0:0: Attached scsi generic sg0 type 0
[    2.526242] sd 2:0:0:0: [sda] 20971520 512-byte logical blocks: (10.7 GB/10.0 GiB)
[    2.526521] sd 2:0:0:0: [sda] Write Protect is off
[    2.526645] sd 2:0:0:0: [sda] Incomplete mode parameter data
[    2.526647] sd 2:0:0:0: [sda] Assuming drive cache: write through
[    2.527747]  sda: sda1
[    2.528329] sd 2:0:0:0: [sda] Attached SCSI disk
[    2.533927] sd 2:0:1:0: [sdb] 20480 512-byte logical blocks: (10.5 MB/10.0 MiB)
[    2.535897] sd 2:0:1:0: Attached scsi generic sg1 type 0
[    2.537118] sd 2:0:1:0: [sdb] Write Protect is off
[    2.538468] sd 2:0:1:0: [sdb] Incomplete mode parameter data
[    2.539565] sd 2:0:1:0: [sdb] Assuming drive cache: write through
[    2.562000] sd 2:0:1:0: [sdb] Attached SCSI disk
Begin: Loading essential drivers ... [    4.031042] md: linear personality registered for level -1
[    4.034609] md: multipath personality registered for level -4
[    4.038107] md: raid0 personality registered for level 0
[    4.042810] md: raid1 personality registered for level 1
[    4.119919] raid6: sse2x1   gen()  9607 MB/s
[    4.188022] raid6: sse2x1   xor()  7628 MB/s
[    4.255588] raid6: sse2x2   gen() 11101 MB/s
[    4.323335] raid6: sse2x2   xor()  8235 MB/s
[    4.399530] raid6: sse2x4   gen() 15741 MB/s
[    4.469610] raid6: sse2x4   xor()  9044 MB/s
[    4.535626] raid6: avx2x1   gen() 19048 MB/s
[    4.603431] raid6: avx2x2   gen() 21685 MB/s
[    4.679578] raid6: avx2x4   gen() 27782 MB/s
[    4.680416] raid6: using algorithm avx2x4 gen() 27782 MB/s
[    4.681282] raid6: using avx2x2 recovery algorithm
[    4.683232] xor: automatically using best checksumming function:
[    4.723427]    avx       : 22905.000 MB/sec
[    4.725509] async_tx: api initialized (async)
[    4.735036] md: raid6 personality registered for level 6
[    4.736030] md: raid5 personality registered for level 5
[    4.737111] md: raid4 personality registered for level 4
[    4.744384] md: raid10 personality registered for level 10
done.
Begin: Running /scripts/init-premount ... done.
Begin: Mounting root file system ... Begin: Running /scripts/local-top ... done.
Begin: Running /scripts/local-premount ... [    4.778186] Btrfs loaded
Scanning for Btrfs filesystems
done.
Warning: fsck not present, so skipping root file system
[    4.862643] EXT4-fs (sda1): mounted filesystem with ordered data mode. Opts: (null)
done.
Begin: Running /scripts/local-bottom ... done.
Begin: Running /scripts/init-bottom ... done.
[    5.469450] systemd[1]: systemd 229 running in system mode. (+PAM +AUDIT +SELINUX +IMA +APPARMOR +SMACK +SYSVINIT +UTMP +LIBCRYPTSETUP +GCRYPT +GNUTLS +ACL +XZ -LZ4 +SECCOMP +BLKID +ELFUTILS +KMOD -IDN)
[    5.481063] systemd[1]: Detected virtualization oracle.
[    5.485108] systemd[1]: Detected architecture x86-64.

Welcome to [1mUbuntu 16.04.6 LTS[0m!

[    5.505720] systemd[1]: Set hostname to <ubuntu>.
[    5.526536] systemd[1]: Initializing machine ID from random generator.
[    5.528660] systemd[1]: Installed transient /etc/machine-id file.
[    5.752989] random: nonblocking pool is initialized
[    6.303659] systemd[1]: Set up automount Arbitrary Executable File Formats File System Automount Point.
[[0;32m  OK  [0m] Set up automount Arbitrary Executab...ats File System Automount Point.
[    6.312664] systemd[1]: Started Forward Password Requests to Wall Directory Watch.
[[0;32m  OK  [0m] Started Forward Password Requests to Wall Directory Watch.
[    6.318628] systemd[1]: Created slice System Slice.
[[0;32m  OK  [0m] Created slice System Slice.
[    6.321871] systemd[1]: Started Trigger resolvconf update for networkd DNS.
[[0;32m  OK  [0m] Started Trigger resolvconf update for networkd DNS.
[    6.325103] systemd[1]: Listening on LVM2 poll daemon socket.
[[0;32m  OK  [0m] Listening on LVM2 poll daemon socket.
[    6.327347] systemd[1]: Reached target User and Group Name Lookups.
[[0;32m  OK  [0m] Reached target User and Group Name Lookups.
[    6.329616] systemd[1]: Listening on udev Control Socket.
[[0;32m  OK  [0m] Listening on udev Control Socket.
[    6.331666] systemd[1]: Reached target Encrypted Volumes.
[[0;32m  OK  [0m] Reached target Encrypted Volumes.
[    6.334154] systemd[1]: Listening on LVM2 metadata daemon socket.
[[0;32m  OK  [0m] Listening on LVM2 metadata daemon socket.
[    6.336477] systemd[1]: Reached target Swap.
[[0;32m  OK  [0m] Reached target Swap.
[    6.338748] systemd[1]: Created slice User and Session Slice.
[[0;32m  OK  [0m] Created slice User and Session Slice.
[    6.340929] systemd[1]: Reached target Slices.
[[0;32m  OK  [0m] Reached target Slices.
[    6.342735] systemd[1]: Listening on Journal Socket (/dev/log).
[[0;32m  OK  [0m] Listening on Journal Socket (/dev/log).
[    6.344761] systemd[1]: Listening on Syslog Socket.
[[0;32m  OK  [0m] Listening on Syslog Socket.
[    6.346532] systemd[1]: Listening on udev Kernel Socket.
[[0;32m  OK  [0m] Listening on udev Kernel Socket.
[    6.348394] systemd[1]: Listening on Device-mapper event daemon FIFOs.
[[0;32m  OK  [0m] Listening on Device-mapper event daemon FIFOs.
[    6.751503] systemd[1]: Listening on /dev/initctl Compatibility Named Pipe.
[[0;32m  OK  [0m] Listening on /dev/initctl Compatibility Named Pipe.
[    6.759926] systemd[1]: Reached target System Time Synchronized.
[[0;32m  OK  [0m] Reached target System Time Synchronized.
[    6.766653] systemd[1]: Listening on Journal Audit Socket.
[[0;32m  OK  [0m] Listening on Journal Audit Socket.
[    6.774114] systemd[1]: Created slice system-serial\x2dgetty.slice.
[[0;32m  OK  [0m] Created slice system-serial\x2dgetty.slice.
[    6.779417] systemd[1]: Listening on Journal Socket.
[[0;32m  OK  [0m] Listening on Journal Socket.
[    6.795744] systemd[1]: Starting Create list of required static device nodes for the current kernel...
         Starting Create list of required st... nodes for the current kernel...
[    6.864094] systemd[1]: Starting Load Kernel Modules...
         Starting Load Kernel Modules...
[    6.878679] systemd[1]: Starting Set console keymap...
         Starting Set console keymap...
[    6.888357] systemd[1]: Mounting Huge Pages File System...
         Mounting Huge Pages File System...
[    6.894112] systemd[1]: Starting Nameserver information manager...
         Starting Nameserver information manager...
[    6.898824] systemd[1]: Starting Remount Root and Kernel File Systems...
         Starting Remount Root and Kernel File Systems...
[    6.903641] systemd[1]: Starting Monitoring of LVM2 mirrors, snapshots etc. using dmeventd or progress polling...
         Starting Monitoring of LVM2 mirrors... dmeventd or progress polling...
[    6.909862] systemd[1]: Mounting Debug File System...
         Mounting Debug File System...
[    6.912430] systemd[1]: Starting Uncomplicated firewall...
         Starting Uncomplicated firewall...
[    6.916651] systemd[1]: Mounting POSIX Message Queue File System...
         Mounting POSIX Message Queue File System...
[    6.920729] systemd[1]: Starting Journal Service...
         Starting Journal Service...
[    6.929132] systemd[1]: Mounted Debug File System.
[    6.930299] EXT4-fs (sda1): re-mounted. Opts: (null)
[[0;32m  OK  [0m] Mounted Debug File System.
[    6.931845] systemd[1]: Mounted Huge Pages File System.
[[0;32m  OK  [0m] Mounted Huge Pages File System.
[    6.934199] systemd[1]: Mounted POSIX Message Queue File System.
[[0;32m  OK  [0m] Mounted POSIX Message Queue File System.
[    6.937929] systemd[1]: Started Create list of required static device nodes for the current kernel.
[[0;32m  OK  [0m] Started Create list of required sta...ce nodes for the current kernel.
[    6.941251] Loading iSCSI transport class v2.0-870.
[    6.943558] systemd[1]: Started Remount Root and Kernel File Systems.
[[0;32m  OK  [0m] Started Remount Root and Kernel File Systems.
[    6.946536] systemd[1]: Started Uncomplicated firewall.
[[0;32m  OK  [0m] Started Uncomplicated firewall.
[    6.949659] systemd[1]: Started Nameserver information manager.
[[0;32m  OK  [0m] Started Nameserver information manager.
[    7.020158] systemd[1]: Starting udev Coldplug all Devices...
         Starting udev Coldplug all Devices...
[    7.023723] systemd[1]: Starting Load/Save Random Seed...
         Starting Load/Save Random Seed...
[    7.026454] systemd[1]: Starting Create Static Device Nodes in /dev...
         Starting Create Static Device Nodes in /dev...
[    7.029156] systemd[1]: Started Set console keymap.
[[0;32m  OK  [0m] Started Set console keymap.
[    7.041590] iscsi: registered transport (tcp)
[    7.049815] systemd[1]: Started Load/Save Random Seed.
[[0;32m  OK  [0m] Started Load/Save Random Seed.
[    7.195105] systemd[1]: Started Journal Service.
[[0;32m  OK  [0m] Started Journal Service.
         Starting Flush Journal to Persistent Storage...
[[0;32m  OK  [0m] Started LVM2 metadata daemon.
[[0;32m  OK  [0m] Started udev Coldplug all Devices.
[    7.295599] systemd-journald[393]: Received request to flush runtime journal from PID 1
[[0;32m  OK  [0m] Started Flush Journal to Persistent Storage.
[    7.356105] iscsi: registered transport (iser)
[[0;32m  OK  [0m] Started Load Kernel Modules.
         Starting Apply Kernel Variables...
         Mounting FUSE Control File System...
[[0;32m  OK  [0m] Mounted FUSE Control File System.
[[0;32m  OK  [0m] Started Create Static Device Nodes in /dev.
[[0;32m  OK  [0m] Started Apply Kernel Variables.
         Starting udev Kernel Device Manager...
[[0;32m  OK  [0m] Started Monitoring of LVM2 mirrors,...ng dmeventd or progress polling.
[[0;32m  OK  [0m] Reached target Local File Systems (Pre).
[[0;32m  OK  [0m] Reached target Local File Systems.
         Starting Commit a transient machine-id on disk...
         Starting Initial cloud-init job (pre-networking)...
         Starting Create Volatile Files and Directories...
         Starting Set console font and keymap...
         Starting LSB: AppArmor initialization...
         Starting Tell Plymouth To Write Out Runtime Data...
[[0;32m  OK  [0m] Started udev Kernel Device Manager.
[[0;32m  OK  [0m] Started Dispatch Password Requests to Console Directory Watch.
[[0;32m  OK  [0m] Started Create Volatile Files and Directories.
         Starting Update UTMP about System Boot/Shutdown...
[[0;32m  OK  [0m] Started Commit a transient machine-id on disk.
[[0;32m  OK  [0m] Started Tell Plymouth To Write Out Runtime Data.
[[0;32m  OK  [0m] Started Update UTMP about System Boot/Shutdown.
[[0;32m  OK  [0m] Found device /dev/ttyS0.
[[0;32m  OK  [0m] Listening on Load/Save RF Kill Switch Status /dev/rfkill Watch.
[[0;32m  OK  [0m] Started Set console font and keymap.
[[0;32m  OK  [0m] Created slice system-getty.slice.
[[0;32m  OK  [0m] Started LSB: AppArmor initialization.
[   10.911161] cloud-init[474]: Cloud-init v. 18.5-45-g3554ffe8-0ubuntu1~16.04.1 running 'init-local' at Sat, 27 Apr 2019 12:29:44 +0000. Up 10.50 seconds.
[[0;32m  OK  [0m] Started Initial cloud-init job (pre-networking).
[[0;32m  OK  [0m] Reached target Network (Pre).
         Starting Raise network interfaces...
[[0;32m  OK  [0m] Started Raise network interfaces.
[[0;32m  OK  [0m] Reached target Network.
         Starting Initial cloud-init job (metadata service crawler)...
[   13.152947] cloud-init[952]: Cloud-init v. 18.5-45-g3554ffe8-0ubuntu1~16.04.1 running 'init' at Sat, 27 Apr 2019 12:29:45 +0000. Up 11.73 seconds.
[   13.154788] cloud-init[952]: ci-info: ++++++++++++++++++++++++++++++++++++++Net device info+++++++++++++++++++++++++++++++++++++++
[   13.156487] cloud-init[952]: ci-info: +--------+-------+----------------------------+---------------+--------+-------------------+
[   13.158144] cloud-init[952]: ci-info: | Device |   Up  |          Address           |      Mask     | Scope  |     Hw-Address    |
[   13.159929] cloud-init[952]: ci-info: +--------+-------+----------------------------+---------------+--------+-------------------+
[   13.165103] cloud-init[952]: ci-info: | enp0s3 |  True |         10.0.2.15          | 255.255.255.0 | global | 02:26:7f:6e:ca:81 |
[   13.167234] cloud-init[952]: ci-info: | enp0s3 |  True | fe80::26:7fff:fe6e:ca81/64 |       .       |  link  | 02:26:7f:6e:ca:81 |
[   13.178693] cloud-init[952]: ci-info: | enp0s8 | False |             .              |       .       |   .    | 08:00:27:69:23:6b |
[   13.181258] cloud-init[952]: ci-info: |   lo   |  True |         127.0.0.1          |   255.0.0.0   |  host  |         .         |
[   13.183956] cloud-init[952]: ci-info: |   lo   |  True |          ::1/128           |       .       |  host  |         .         |
[   13.186263] cloud-init[952]: ci-info: +--------+-------+----------------------------+---------------+--------+-------------------+
[   13.188238] cloud-init[952]: ci-info: +++++++++++++++++++++++++++Route IPv4 info++++++++++++++++++++++++++++
[   13.189819] cloud-init[952]: ci-info: +-------+-------------+----------+---------------+-----------+-------+
[   13.192510] cloud-init[952]: ci-info: | Route | Destination | Gateway  |    Genmask    | Interface | Flags |
[   13.202373] cloud-init[952]: ci-info: +-------+-------------+----------+---------------+-----------+-------+
[   13.204122] cloud-init[952]: ci-info: |   0   |   0.0.0.0   | 10.0.2.2 |    0.0.0.0    |   enp0s3  |   UG  |
[   13.205818] cloud-init[952]: ci-info: |   1   |   10.0.2.0  | 0.0.0.0  | 255.255.255.0 |   enp0s3  |   U   |
[   13.207494] cloud-init[952]: ci-info: +-------+-------------+----------+---------------+-----------+-------+
[   13.210564] cloud-init[952]: ci-info: +++++++++++++++++++Route IPv6 info+++++++++++++++++++
[   13.212295] cloud-init[952]: ci-info: +-------+-------------+---------+-----------+-------+
[   13.213948] cloud-init[952]: ci-info: | Route | Destination | Gateway | Interface | Flags |
[   13.216336] cloud-init[952]: ci-info: +-------+-------------+---------+-----------+-------+
[   13.217864] cloud-init[952]: ci-info: |   0   |  fe80::/64  |    ::   |   enp0s3  |   U   |
[   13.220316] cloud-init[952]: ci-info: |   3   |   ff00::/8  |    ::   |   enp0s3  |   U   |
[   13.221660] cloud-init[952]: ci-info: +-------+-------------+---------+-----------+-------+
[   13.222927] cloud-init[952]: Generating public/private rsa key pair.
[   13.224007] cloud-init[952]: Your identification has been saved in /etc/ssh/ssh_host_rsa_key.
[   13.225363] cloud-init[952]: Your public key has been saved in /etc/ssh/ssh_host_rsa_key.pub.
[   13.227007] cloud-init[952]: The key fingerprint is:
[   13.228591] cloud-init[952]: SHA256:HLZPAMPK3ml/zn6EDhJAG3LI55Q3seObVtyVTth4a3w root@ubuntu-xenial
[   13.230327] cloud-init[952]: The key's randomart image is:
[   13.231632] cloud-init[952]: +---[RSA 2048]----+
[   13.232747] cloud-init[952]: | ..o+o+.         |
[   13.234115] cloud-init[952]: |  oo=o++   + .   |
[   13.235247] cloud-init[952]: |   =.+o.+ o *    |
[   13.236358] cloud-init[952]: |    +..= = * .   |
[   13.237601] cloud-init[952]: |   . ..oS o.= E  |
[   13.238660] cloud-init[952]: |    . =+.o....   |
[   13.239697] cloud-init[952]: |     .+o o..     |
[   13.240750] cloud-init[952]: |     .  ..o .    |
[   13.241475] cloud-init[952]: |         ++.     |
[   13.242376] cloud-init[952]: +----[SHA256]-----+
[   13.243307] cloud-init[952]: Generating public/private dsa key pair.
[   13.244821] cloud-init[952]: Your identification has been saved in /etc/ssh/ssh_host_dsa_key.
[   13.246762] cloud-init[952]: Your public key has been saved in /etc/ssh/ssh_host_dsa_key.pub.
[   13.249299] cloud-init[952]: The key fingerprint is:
[   13.250707] cloud-init[952]: SHA256:2abUDcexW5xeiFmvqO/1yOw9/+R9FGIAdPNee/3mBrM root@ubuntu-xenial
[   13.252266] cloud-init[952]: The key's randomart image is:
[   13.253313] cloud-init[952]: +---[DSA 1024]----+
[   13.254211] cloud-init[952]: |        .o.o. .  |
[   13.255102] cloud-init[952]: |          .ooB + |
[   13.256028] cloud-init[952]: |          . B.=.o|
[   13.256954] cloud-init[952]: |         + +.B.+o|
[   13.257838] cloud-init[952]: |        S + =.+.+|
[   13.258727] cloud-init[952]: |       . o .  o +|
[   13.260711] cloud-init[952]: |        . .   .=+|
[   13.262273] cloud-init[952]: |           . +EX+|
[   13.263647] cloud-init[952]: |           .o.=.&|
[   13.264930] cloud-init[952]: +----[SHA256]-----+
[   13.266194] cloud-init[952]: Generating public/private ecdsa key pair.
[[   13.272477] [0;32m  OK  [0mcloud-init] [952]: Started Initial cloud-init job (metadata service crawler).Your identification has been saved in /etc/ssh/ssh_host_ecdsa_key.

[   13.274606] cloud-init[952]: Your public key has been saved in /etc/ssh/ssh_host_ecdsa_key.pub.
[   13.274845] cloud-init[952]: The key fingerprint is:
[   13.275356] cloud-init[952]: SHA256:XipQ9YeGmabFC0xx71EA75qfCAMsgpm3OkA+RxWIg40 root@ubuntu-xenial
[   13.275623] cloud-init[952]: The key's randomart image is:
[   13.276055] cloud-init[952]: +---[ECDSA 256]---+
[   13.276507] cloud-init[952]: |.o. ..+.+....    |
[   13.276945] cloud-init[952]: |Eo.. + + B o     |
[   13.277436] cloud-init[952]: |  . . + B B .    |
[   13.278192] cloud-init[952]: |.+ o . = = o     |
[   13.278468] cloud-init[952]: |B + + . S +      |
[   13.279296] cloud-init[952]: |.= + o . =       |
[   13.279601] cloud-init[952]: |. +   + =        |
[   13.279775] cloud-init[952]: |..     + o .     |
[   13.279920] cloud-init[952]: |..      . o      |
[   13.280079] cloud-init[952]: +----[SHA256]-----+
[   13.280238] cloud-init[952]: Generating public/private ed25519 key pair.
[   13.280453] cloud-init[952]: Your identification has been saved in /etc/ssh/ssh_host_ed25519_key.
[   13.280706] cloud-init[952]: Your public key has been saved in /etc/ssh/ssh_host_ed25519_key.pub.
[   13.281133] cloud-init[952]: The key fingerprint is:
[   13.281516] cloud-init[952]: SHA256:kXXisxC5w5n5GZXksQMzKag8CXDYrU05uaOgR5PmoLw root@ubuntu-xenial
[   13.281965] cloud-init[952]: The key's randomart image is:
[   13.282186] cloud-init[952]: +--[ED25519 256]--+
[   13.282359] cloud-init[952]: |.+.. o ...*o+.   |
[   13.282579] cloud-init[952]: |..o * . o=.Boo   |
[   13.282785] cloud-init[952]: |   B = .+*o.+    |
[   13.282975] cloud-init[952]: |o * O   Bo.o .   |
[   13.283127] cloud-init[952]: |+* o o  So.o     |
[   13.283671] cloud-init[952]: |o.+       o      |
[   13.284669] cloud-init[952]: | ..              |
[   13.285147] cloud-init[952]: | E               |
[   13.285642] cloud-init[952]: |                 |
[   13.286127] cloud-init[952]: +----[SHA256]-----+
[[0;32m  OK  [0m] Reached target Network is Online.
         Starting iSCSI initiator daemon (iscsid)...
[[0;32m  OK  [0m] Reached target Cloud-config availability.
[[0;32m  OK  [0m] Reached target System Initialization.
         Starting LXD - unix socket.
[[0;32m  OK  [0m] Started Daily Cleanup of Temporary Directories.
[[0;32m  OK  [0m] Started Daily apt download activities.
[[0;32m  OK  [0m] Started Daily apt upgrade and clean activities.
[[0;32m  OK  [0m] Started ACPI Events Check.
[[0;32m  OK  [0m] Reached target Paths.
[[0;32m  OK  [0m] Reached target Timers.
         Starting Socket activation for snappy daemon.
[[0;32m  OK  [0m] Listening on UUID daemon activation socket.
[[0;32m  OK  [0m] Listening on ACPID Listen Socket.
[[0;32m  OK  [0m] Listening on D-Bus System Message Bus Socket.
[[0;32m  OK  [0m] Listening on LXD - unix socket.
[[0;32m  OK  [0m] Listening on Socket activation for snappy daemon.
[[0;32m  OK  [0m] Reached target Sockets.
[[0;32m  OK  [0m] Reached target Basic System.
         Starting LXD - container startup/shutdown...
         Starting LSB: MD monitoring daemon...
[[0;32m  OK  [0m] Started D-Bus System Message Bus.
         Starting Accounts Service...
         Starting LSB: Record successful boot for GRUB...
         Starting Pollinate to seed the pseudo random number generator...
[[0;32m  OK  [0m] Started FUSE filesystem for LXC.
         Starting Virtualbox guest utils...
         Starting System Logging Service...
[[0;32m  OK  [0m] Started Regular background program processing daemon.
         Starting Snappy daemon...
[[0;32m  OK  [0m] Started Deferred execution scheduler.
         Starting /etc/rc.local Compatibility...
         Starting Login Service...
[[0;32m  OK  [0m] Started ACPI event daemon.
[[0;32m  OK  [0m] Started /etc/rc.local Compatibility.
[[0;32m  OK  [0m] Started iSCSI initiator daemon (iscsid).
[[0;32m  OK  [0m] Started LSB: MD monitoring daemon.
         Starting Login to default iSCSI targets...
[[0;32m  OK  [0m] Started Login Service.
[[0;32m  OK  [0m] Started Unattended Upgrades Shutdown.
[[0;32m  OK  [0m] Started Login to default iSCSI targets.
[[0;32m  OK  [0m] Reached target Remote File Systems (Pre).
[[0;32m  OK  [0m] Reached target Remote File Systems.
         Starting LSB: automatic crash report generation...
         Starting LSB: Set the CPU Frequency Scaling governor to "ondemand"...
         Starting Permit User Sessions...
         Starting LSB: daemon to balance interrupts for SMP systems...
[[0;32m  OK  [0m] Started LSB: Set the CPU Frequency Scaling governor to "ondemand".
[[0;32m  OK  [0m] Started Permit User Sessions.
         Starting Hold until boot process finishes up...
         Starting Terminate Plymouth Boot Screen...
[[0;32m  OK  [0m] Started Hold until boot process finishes up.
         Starting Set console scheme...
[[0;32m  OK  [0m] Started Serial Getty on ttyS0.
[[0;32m  OK  [0m] Started Getty on tty1.
[[0;32m  OK  [0m] Reached target Login Prompts.
[[0;32m  OK  [0m] Started Terminate Plymouth Boot Screen.
[[0;32m  OK  [0m] Started Set console scheme.
[[0;32m  OK  [0m] Started LSB: daemon to balance interrupts for SMP systems.
[[0;32m  OK  [0m] Started System Logging Service.
[[0;32m  OK  [0m] Started LSB: automatic crash report generation.
[[0;32m  OK  [0m] Started Virtualbox guest utils.
         Starting Authenticate and Authorize Users to Run Privileged Tasks...
[[0;32m  OK  [0m] Started Authenticate and Authorize Users to Run Privileged Tasks.
[[0;32m  OK  [0m] Started Accounts Service.
[[0;32m  OK  [0m] Started LSB: Record successful boot for GRUB.
[[0;32m  OK  [0m] Started LXD - container startup/shutdown.
[[0;32m  OK  [0m] Started Pollinate to seed the pseudo random number generator.
         Starting OpenBSD Secure Shell server...
[[0;32m  OK  [0m] Started Snappy daemon.
         Starting Wait until snapd is fully seeded...
[[0;32m  OK  [0m] Started OpenBSD Secure Shell server.
[[0;32m  OK  [0m] Created slice User Slice of vagrant.
         Starting User Manager for UID 1000...
[[0;32m  OK  [0m] Started Session 1 of user vagrant.
[[0;32m  OK  [0m] Started User Manager for UID 1000.

Ubuntu 16.04.6 LTS ubuntu-xenial ttyS0

ubuntu-xenial login: [   23.177892] cloud-init[1480]: Generating locales (this might take a while)...
[   25.441998] cloud-init[1480]:   en_US.UTF-8... done
[   25.444147] cloud-init[1480]: Generation complete.
[   26.743404] cloud-init[1480]: Cloud-init v. 18.5-45-g3554ffe8-0ubuntu1~16.04.1 running 'modules:config' at Sat, 27 Apr 2019 12:29:56 +0000. Up 22.92 seconds.
ci-info: no authorized ssh keys fingerprints found for user ubuntu.
<14>Apr 27 12:30:01 ec2: 
<14>Apr 27 12:30:01 ec2: #############################################################
<14>Apr 27 12:30:01 ec2: -----BEGIN SSH HOST KEY FINGERPRINTS-----
<14>Apr 27 12:30:01 ec2: 1024 SHA256:2abUDcexW5xeiFmvqO/1yOw9/+R9FGIAdPNee/3mBrM root@ubuntu-xenial (DSA)
<14>Apr 27 12:30:01 ec2: 256 SHA256:XipQ9YeGmabFC0xx71EA75qfCAMsgpm3OkA+RxWIg40 root@ubuntu-xenial (ECDSA)
<14>Apr 27 12:30:01 ec2: 256 SHA256:kXXisxC5w5n5GZXksQMzKag8CXDYrU05uaOgR5PmoLw root@ubuntu-xenial (ED25519)
<14>Apr 27 12:30:01 ec2: 2048 SHA256:HLZPAMPK3ml/zn6EDhJAG3LI55Q3seObVtyVTth4a3w root@ubuntu-xenial (RSA)
<14>Apr 27 12:30:01 ec2: -----END SSH HOST KEY FINGERPRINTS-----
<14>Apr 27 12:30:01 ec2: #############################################################
-----BEGIN SSH HOST KEY KEYS-----
ecdsa-sha2-nistp256 AAAAE2VjZHNhLXNoYTItbmlzdHAyNTYAAAAIbmlzdHAyNTYAAABBBBZI8umHrcVstXqRSb8uW/7k9yXZgO6UZ+pL3ktkS27Dc/f8D/j1cS9ibYbgXkfqrNbmTFLAhNy18Js5oWcyDFc= root@ubuntu-xenial
ssh-ed25519 AAAAC3NzaC1lZDI1NTE5AAAAIMsUc6mU1vGuDrbgbYTxrVLXUywAPfkHxKdd+6VKZcex root@ubuntu-xenial
ssh-rsa AAAAB3NzaC1yc2EAAAADAQABAAABAQDJFhK9BBDO64Xnotu7fFg1sn6szdz3i4OxT5pY3JeJuBN96uxNb2MQRmmbcx8BfVr/8GmlqSMmaf0L1zTiHRDRwVVXvu9FqqzzP1LJUnvsKTW8LsvUI2mDs6W+m32L6c8zeJTRB2Q4MckHKudVmqO5S+S1Y+F5glPYDPEnvcXFQa3WQJUbjmRg/84C72PJk654moOrFT9dICr3EBdNxqoKagvzRC2bn6iVUmx5XAihvan0NVj2Fdp3kPgHBC+X3R/UBs9WxScWLG4xD1ZeqaoajWpaWGVNhhErsmF/+EHStB/tYuX2JeYBc4LYElL3NBOpA9cNGhUWtRJxs9+99+SD root@ubuntu-xenial
-----END SSH HOST KEY KEYS-----
[   27.460439] cloud-init[1688]: Cloud-init v. 18.5-45-g3554ffe8-0ubuntu1~16.04.1 running 'modules:final' at Sat, 27 Apr 2019 12:30:01 +0000. Up 27.17 seconds.
[   27.462711] cloud-init[1688]: ci-info: no authorized ssh keys fingerprints found for user ubuntu.
[   27.465536] cloud-init[1688]: Cloud-init v. 18.5-45-g3554ffe8-0ubuntu1~16.04.1 finished at Sat, 27 Apr 2019 12:30:01 +0000. Datasource DataSourceNoCloud [seed=/dev/sdb][dsmode=net].  Up 27.44 seconds
